This is pdfTeX, Version 3.14159265-2.6-1.40.19 (TeX Live 2018/W32TeX) (preloaded format=pdflatex 2018.5.9)  17 MAY 2019 12:01
entering extended mode
 restricted \write18 enabled.
 file:line:error style messages enabled.
 %&-line parsing enabled.
**"c:/Users/Ankith A Das/Documents/Math2916/Latex/doc.tex"
(c:/Users/Ankith A Das/Documents/Math2916/Latex/doc.tex
LaTeX2e <2018-04-01> patch level 2
Babel <3.18> and hyphenation patterns for 84 language(s) loaded.
(c:/texlive/2018/texmf-dist/tex/latex/beamer/beamer.cls
Document Class: beamer 2018/02/20 v3.50 A class for typesetting presentations
(c:/texlive/2018/texmf-dist/tex/latex/beamer/beamerbasemodes.sty (c:/texlive/2018/texmf-dist/tex/latex/etoolbox/etoolbox.sty
Package: etoolbox 2018/02/11 v2.5e e-TeX tools for LaTeX (JAW)
\etb@tempcnta=\count80
)
\beamer@tempbox=\box26
\beamer@tempcount=\count81
\c@beamerpauses=\count82
 (c:/texlive/2018/texmf-dist/tex/latex/beamer/beamerbasedecode.sty
\beamer@slideinframe=\count83
\beamer@minimum=\count84
)
\beamer@commentbox=\box27
\beamer@modecount=\count85
) (c:/texlive/2018/texmf-dist/tex/generic/oberdiek/ifpdf.sty
Package: ifpdf 2017/03/15 v3.2 Provides the ifpdf switch
)
\headdp=\dimen102
\footheight=\dimen103
\sidebarheight=\dimen104
\beamer@tempdim=\dimen105
\beamer@finalheight=\dimen106
\beamer@animht=\dimen107
\beamer@animdp=\dimen108
\beamer@animwd=\dimen109
\beamer@leftmargin=\dimen110
\beamer@rightmargin=\dimen111
\beamer@leftsidebar=\dimen112
\beamer@rightsidebar=\dimen113
\beamer@boxsize=\dimen114
\beamer@vboxoffset=\dimen115
\beamer@descdefault=\dimen116
\beamer@descriptionwidth=\dimen117
\beamer@lastskip=\skip41
\beamer@areabox=\box28
\beamer@animcurrent=\box29
\beamer@animshowbox=\box30
\beamer@sectionbox=\box31
\beamer@logobox=\box32
\beamer@linebox=\box33
\beamer@sectioncount=\count86
\beamer@subsubsectionmax=\count87
\beamer@subsectionmax=\count88
\beamer@sectionmax=\count89
\beamer@totalheads=\count90
\beamer@headcounter=\count91
\beamer@partstartpage=\count92
\beamer@sectionstartpage=\count93
\beamer@subsectionstartpage=\count94
\beamer@animationtempa=\count95
\beamer@animationtempb=\count96
\beamer@xpos=\count97
\beamer@ypos=\count98
\beamer@ypos@offset=\count99
\beamer@showpartnumber=\count100
\beamer@currentsubsection=\count101
\beamer@coveringdepth=\count102
\beamer@sectionadjust=\count103
\beamer@tocsectionnumber=\count104
 (c:/texlive/2018/texmf-dist/tex/latex/beamer/beamerbaseoptions.sty (c:/texlive/2018/texmf-dist/tex/latex/graphics/keyval.sty
Package: keyval 2014/10/28 v1.15 key=value parser (DPC)
\KV@toks@=\toks14
))
\beamer@paperwidth=\skip42
\beamer@paperheight=\skip43
 (c:/texlive/2018/texmf-dist/tex/latex/geometry/geometry.sty
Package: geometry 2018/03/24 v5.7 Page Geometry
 (c:/texlive/2018/texmf-dist/tex/generic/oberdiek/ifvtex.sty
Package: ifvtex 2016/05/16 v1.6 Detect VTeX and its facilities (HO)
Package ifvtex Info: VTeX not detected.
) (c:/texlive/2018/texmf-dist/tex/generic/ifxetex/ifxetex.sty
Package: ifxetex 2010/09/12 v0.6 Provides ifxetex conditional
)
\Gm@cnth=\count105
\Gm@cntv=\count106
\c@Gm@tempcnt=\count107
\Gm@bindingoffset=\dimen118
\Gm@wd@mp=\dimen119
\Gm@odd@mp=\dimen120
\Gm@even@mp=\dimen121
\Gm@layoutwidth=\dimen122
\Gm@layoutheight=\dimen123
\Gm@layouthoffset=\dimen124
\Gm@layoutvoffset=\dimen125
\Gm@dimlist=\toks15
) (c:/texlive/2018/texmf-dist/tex/latex/base/size11.clo
File: size11.clo 2014/09/29 v1.4h Standard LaTeX file (size option)
) (c:/texlive/2018/texmf-dist/tex/latex/pgf/basiclayer/pgfcore.sty (c:/texlive/2018/texmf-dist/tex/latex/graphics/graphicx.sty
Package: graphicx 2017/06/01 v1.1a Enhanced LaTeX Graphics (DPC,SPQR)
 (c:/texlive/2018/texmf-dist/tex/latex/graphics/graphics.sty
Package: graphics 2017/06/25 v1.2c Standard LaTeX Graphics (DPC,SPQR)
 (c:/texlive/2018/texmf-dist/tex/latex/graphics/trig.sty
Package: trig 2016/01/03 v1.10 sin cos tan (DPC)
) (c:/texlive/2018/texmf-dist/tex/latex/graphics-cfg/graphics.cfg
File: graphics.cfg 2016/06/04 v1.11 sample graphics configuration
)
Package graphics Info: Driver file: pdftex.def on input line 99.
 (c:/texlive/2018/texmf-dist/tex/latex/graphics-def/pdftex.def
File: pdftex.def 2018/01/08 v1.0l Graphics/color driver for pdftex
))
\Gin@req@height=\dimen126
\Gin@req@width=\dimen127
) (c:/texlive/2018/texmf-dist/tex/latex/pgf/systemlayer/pgfsys.sty (c:/texlive/2018/texmf-dist/tex/latex/pgf/utilities/pgfrcs.sty (c:/texlive/2018/texmf-dist/tex/generic/pgf/utilities/pgfutil-common.tex
\pgfutil@everybye=\toks16
\pgfutil@tempdima=\dimen128
\pgfutil@tempdimb=\dimen129
 (c:/texlive/2018/texmf-dist/tex/generic/pgf/utilities/pgfutil-common-lists.tex)) (c:/texlive/2018/texmf-dist/tex/generic/pgf/utilities/pgfutil-latex.def
\pgfutil@abb=\box34
 (c:/texlive/2018/texmf-dist/tex/latex/ms/everyshi.sty
Package: everyshi 2001/05/15 v3.00 EveryShipout Package (MS)
)) (c:/texlive/2018/texmf-dist/tex/generic/pgf/utilities/pgfrcs.code.tex
Package: pgfrcs 2015/08/07 v3.0.1a (rcs-revision 1.31)
)) (c:/texlive/2018/texmf-dist/tex/generic/pgf/systemlayer/pgfsys.code.tex
Package: pgfsys 2014/07/09 v3.0.1a (rcs-revision 1.48)
 (c:/texlive/2018/texmf-dist/tex/generic/pgf/utilities/pgfkeys.code.tex
\pgfkeys@pathtoks=\toks17
\pgfkeys@temptoks=\toks18
 (c:/texlive/2018/texmf-dist/tex/generic/pgf/utilities/pgfkeysfiltered.code.tex
\pgfkeys@tmptoks=\toks19
))
\pgf@x=\dimen130
\pgf@y=\dimen131
\pgf@xa=\dimen132
\pgf@ya=\dimen133
\pgf@xb=\dimen134
\pgf@yb=\dimen135
\pgf@xc=\dimen136
\pgf@yc=\dimen137
\w@pgf@writea=\write3
\r@pgf@reada=\read1
\c@pgf@counta=\count108
\c@pgf@countb=\count109
\c@pgf@countc=\count110
\c@pgf@countd=\count111
\t@pgf@toka=\toks20
\t@pgf@tokb=\toks21
\t@pgf@tokc=\toks22
 (c:/texlive/2018/texmf-dist/tex/generic/pgf/systemlayer/pgf.cfg
File: pgf.cfg 2008/05/14  (rcs-revision 1.7)
)
Driver file for pgf: pgfsys-pdftex.def
 (c:/texlive/2018/texmf-dist/tex/generic/pgf/systemlayer/pgfsys-pdftex.def
File: pgfsys-pdftex.def 2014/10/11  (rcs-revision 1.35)
 (c:/texlive/2018/texmf-dist/tex/generic/pgf/systemlayer/pgfsys-common-pdf.def
File: pgfsys-common-pdf.def 2013/10/10  (rcs-revision 1.13)
))) (c:/texlive/2018/texmf-dist/tex/generic/pgf/systemlayer/pgfsyssoftpath.code.tex
File: pgfsyssoftpath.code.tex 2013/09/09  (rcs-revision 1.9)
\pgfsyssoftpath@smallbuffer@items=\count112
\pgfsyssoftpath@bigbuffer@items=\count113
) (c:/texlive/2018/texmf-dist/tex/generic/pgf/systemlayer/pgfsysprotocol.code.tex
File: pgfsysprotocol.code.tex 2006/10/16  (rcs-revision 1.4)
)) (c:/texlive/2018/texmf-dist/tex/latex/xcolor/xcolor.sty
Package: xcolor 2016/05/11 v2.12 LaTeX color extensions (UK)
 (c:/texlive/2018/texmf-dist/tex/latex/graphics-cfg/color.cfg
File: color.cfg 2016/01/02 v1.6 sample color configuration
)
Package xcolor Info: Driver file: pdftex.def on input line 225.
Package xcolor Info: Model `cmy' substituted by `cmy0' on input line 1348.
Package xcolor Info: Model `hsb' substituted by `rgb' on input line 1352.
Package xcolor Info: Model `RGB' extended on input line 1364.
Package xcolor Info: Model `HTML' substituted by `rgb' on input line 1366.
Package xcolor Info: Model `Hsb' substituted by `hsb' on input line 1367.
Package xcolor Info: Model `tHsb' substituted by `hsb' on input line 1368.
Package xcolor Info: Model `HSB' substituted by `hsb' on input line 1369.
Package xcolor Info: Model `Gray' substituted by `gray' on input line 1370.
Package xcolor Info: Model `wave' substituted by `hsb' on input line 1371.
) (c:/texlive/2018/texmf-dist/tex/generic/pgf/basiclayer/pgfcore.code.tex
Package: pgfcore 2010/04/11 v3.0.1a (rcs-revision 1.7)
 (c:/texlive/2018/texmf-dist/tex/generic/pgf/math/pgfmath.code.tex (c:/texlive/2018/texmf-dist/tex/generic/pgf/math/pgfmathcalc.code.tex (c:/texlive/2018/texmf-dist/tex/generic/pgf/math/pgfmathutil.code.tex) (c:/texlive/2018/texmf-dist/tex/generic/pgf/math/pgfmathparser.code.tex
\pgfmath@dimen=\dimen138
\pgfmath@count=\count114
\pgfmath@box=\box35
\pgfmath@toks=\toks23
\pgfmath@stack@operand=\toks24
\pgfmath@stack@operation=\toks25
) (c:/texlive/2018/texmf-dist/tex/generic/pgf/math/pgfmathfunctions.code.tex (c:/texlive/2018/texmf-dist/tex/generic/pgf/math/pgfmathfunctions.basic.code.tex) (c:/texlive/2018/texmf-dist/tex/generic/pgf/math/pgfmathfunctions.trigonometric.code.tex) (c:/texlive/2018/texmf-dist/tex/generic/pgf/math/pgfmathfunctions.random.code.tex) (c:/texlive/2018/texmf-dist/tex/generic/pgf/math/pgfmathfunctions.comparison.code.tex) (c:/texlive/2018/texmf-dist/tex/generic/pgf/math/pgfmathfunctions.base.code.tex) (c:/texlive/2018/texmf-dist/tex/generic/pgf/math/pgfmathfunctions.round.code.tex) (c:/texlive/2018/texmf-dist/tex/generic/pgf/math/pgfmathfunctions.misc.code.tex) (c:/texlive/2018/texmf-dist/tex/generic/pgf/math/pgfmathfunctions.integerarithmetics.code.tex))) (c:/texlive/2018/texmf-dist/tex/generic/pgf/math/pgfmathfloat.code.tex
\c@pgfmathroundto@lastzeros=\count115
)) (c:/texlive/2018/texmf-dist/tex/generic/pgf/basiclayer/pgfcorepoints.code.tex
File: pgfcorepoints.code.tex 2013/10/07  (rcs-revision 1.27)
\pgf@picminx=\dimen139
\pgf@picmaxx=\dimen140
\pgf@picminy=\dimen141
\pgf@picmaxy=\dimen142
\pgf@pathminx=\dimen143
\pgf@pathmaxx=\dimen144
\pgf@pathminy=\dimen145
\pgf@pathmaxy=\dimen146
\pgf@xx=\dimen147
\pgf@xy=\dimen148
\pgf@yx=\dimen149
\pgf@yy=\dimen150
\pgf@zx=\dimen151
\pgf@zy=\dimen152
) (c:/texlive/2018/texmf-dist/tex/generic/pgf/basiclayer/pgfcorepathconstruct.code.tex
File: pgfcorepathconstruct.code.tex 2013/10/07  (rcs-revision 1.29)
\pgf@path@lastx=\dimen153
\pgf@path@lasty=\dimen154
) (c:/texlive/2018/texmf-dist/tex/generic/pgf/basiclayer/pgfcorepathusage.code.tex
File: pgfcorepathusage.code.tex 2014/11/02  (rcs-revision 1.24)
\pgf@shorten@end@additional=\dimen155
\pgf@shorten@start@additional=\dimen156
) (c:/texlive/2018/texmf-dist/tex/generic/pgf/basiclayer/pgfcorescopes.code.tex
File: pgfcorescopes.code.tex 2015/05/08  (rcs-revision 1.46)
\pgfpic=\box36
\pgf@hbox=\box37
\pgf@layerbox@main=\box38
\pgf@picture@serial@count=\count116
) (c:/texlive/2018/texmf-dist/tex/generic/pgf/basiclayer/pgfcoregraphicstate.code.tex
File: pgfcoregraphicstate.code.tex 2014/11/02  (rcs-revision 1.12)
\pgflinewidth=\dimen157
) (c:/texlive/2018/texmf-dist/tex/generic/pgf/basiclayer/pgfcoretransformations.code.tex
File: pgfcoretransformations.code.tex 2015/08/07  (rcs-revision 1.20)
\pgf@pt@x=\dimen158
\pgf@pt@y=\dimen159
\pgf@pt@temp=\dimen160
) (c:/texlive/2018/texmf-dist/tex/generic/pgf/basiclayer/pgfcorequick.code.tex
File: pgfcorequick.code.tex 2008/10/09  (rcs-revision 1.3)
) (c:/texlive/2018/texmf-dist/tex/generic/pgf/basiclayer/pgfcoreobjects.code.tex
File: pgfcoreobjects.code.tex 2006/10/11  (rcs-revision 1.2)
) (c:/texlive/2018/texmf-dist/tex/generic/pgf/basiclayer/pgfcorepathprocessing.code.tex
File: pgfcorepathprocessing.code.tex 2013/09/09  (rcs-revision 1.9)
) (c:/texlive/2018/texmf-dist/tex/generic/pgf/basiclayer/pgfcorearrows.code.tex
File: pgfcorearrows.code.tex 2015/05/14  (rcs-revision 1.43)
\pgfarrowsep=\dimen161
) (c:/texlive/2018/texmf-dist/tex/generic/pgf/basiclayer/pgfcoreshade.code.tex
File: pgfcoreshade.code.tex 2013/07/15  (rcs-revision 1.15)
\pgf@max=\dimen162
\pgf@sys@shading@range@num=\count117
) (c:/texlive/2018/texmf-dist/tex/generic/pgf/basiclayer/pgfcoreimage.code.tex
File: pgfcoreimage.code.tex 2013/07/15  (rcs-revision 1.18)
 (c:/texlive/2018/texmf-dist/tex/generic/pgf/basiclayer/pgfcoreexternal.code.tex
File: pgfcoreexternal.code.tex 2014/07/09  (rcs-revision 1.21)
\pgfexternal@startupbox=\box39
)) (c:/texlive/2018/texmf-dist/tex/generic/pgf/basiclayer/pgfcorelayers.code.tex
File: pgfcorelayers.code.tex 2013/07/18  (rcs-revision 1.7)
) (c:/texlive/2018/texmf-dist/tex/generic/pgf/basiclayer/pgfcoretransparency.code.tex
File: pgfcoretransparency.code.tex 2013/09/30  (rcs-revision 1.5)
) (c:/texlive/2018/texmf-dist/tex/generic/pgf/basiclayer/pgfcorepatterns.code.tex
File: pgfcorepatterns.code.tex 2013/11/07  (rcs-revision 1.5)
))) (c:/texlive/2018/texmf-dist/tex/latex/pgf/utilities/xxcolor.sty
Package: xxcolor 2003/10/24 ver 0.1
\XC@nummixins=\count118
\XC@countmixins=\count119
) (c:/texlive/2018/texmf-dist/tex/generic/oberdiek/atbegshi.sty
Package: atbegshi 2016/06/09 v1.18 At begin shipout hook (HO)
 (c:/texlive/2018/texmf-dist/tex/generic/oberdiek/infwarerr.sty
Package: infwarerr 2016/05/16 v1.4 Providing info/warning/error messages (HO)
) (c:/texlive/2018/texmf-dist/tex/generic/oberdiek/ltxcmds.sty
Package: ltxcmds 2016/05/16 v1.23 LaTeX kernel commands for general use (HO)
)) (c:/texlive/2018/texmf-dist/tex/latex/hyperref/hyperref.sty
Package: hyperref 2018/02/06 v6.86b Hypertext links for LaTeX
 (c:/texlive/2018/texmf-dist/tex/generic/oberdiek/hobsub-hyperref.sty
Package: hobsub-hyperref 2016/05/16 v1.14 Bundle oberdiek, subset hyperref (HO)
 (c:/texlive/2018/texmf-dist/tex/generic/oberdiek/hobsub-generic.sty
Package: hobsub-generic 2016/05/16 v1.14 Bundle oberdiek, subset generic (HO)
Package: hobsub 2016/05/16 v1.14 Construct package bundles (HO)
Package hobsub Info: Skipping package `infwarerr' (already loaded).
Package hobsub Info: Skipping package `ltxcmds' (already loaded).
Package: ifluatex 2016/05/16 v1.4 Provides the ifluatex switch (HO)
Package ifluatex Info: LuaTeX not detected.
Package hobsub Info: Skipping package `ifvtex' (already loaded).
Package: intcalc 2016/05/16 v1.2 Expandable calculations with integers (HO)
Package hobsub Info: Skipping package `ifpdf' (already loaded).
Package: etexcmds 2016/05/16 v1.6 Avoid name clashes with e-TeX commands (HO)
Package etexcmds Info: Could not find \expanded.
(etexcmds)             That can mean that you are not using pdfTeX 1.50 or
(etexcmds)             that some package has redefined \expanded.
(etexcmds)             In the latter case, load this package earlier.
Package: kvsetkeys 2016/05/16 v1.17 Key value parser (HO)
Package: kvdefinekeys 2016/05/16 v1.4 Define keys (HO)
Package: pdftexcmds 2018/01/30 v0.27 Utility functions of pdfTeX for LuaTeX (HO)
Package pdftexcmds Info: LuaTeX not detected.
Package pdftexcmds Info: \pdf@primitive is available.
Package pdftexcmds Info: \pdf@ifprimitive is available.
Package pdftexcmds Info: \pdfdraftmode found.
Package: pdfescape 2016/05/16 v1.14 Implements pdfTeX's escape features (HO)
Package: bigintcalc 2016/05/16 v1.4 Expandable calculations on big integers (HO)
Package: bitset 2016/05/16 v1.2 Handle bit-vector datatype (HO)
Package: uniquecounter 2016/05/16 v1.3 Provide unlimited unique counter (HO)
)
Package hobsub Info: Skipping package `hobsub' (already loaded).
Package: letltxmacro 2016/05/16 v1.5 Let assignment for LaTeX macros (HO)
Package: hopatch 2016/05/16 v1.3 Wrapper for package hooks (HO)
Package: xcolor-patch 2016/05/16 xcolor patch
Package: atveryend 2016/05/16 v1.9 Hooks at the very end of document (HO)
Package hobsub Info: Skipping package `atbegshi' (already loaded).
Package: refcount 2016/05/16 v3.5 Data extraction from label references (HO)
Package: hycolor 2016/05/16 v1.8 Color options for hyperref/bookmark (HO)
) (c:/texlive/2018/texmf-dist/tex/latex/oberdiek/auxhook.sty
Package: auxhook 2016/05/16 v1.4 Hooks for auxiliary files (HO)
) (c:/texlive/2018/texmf-dist/tex/latex/oberdiek/kvoptions.sty
Package: kvoptions 2016/05/16 v3.12 Key value format for package options (HO)
)
\@linkdim=\dimen163
\Hy@linkcounter=\count120
\Hy@pagecounter=\count121
 (c:/texlive/2018/texmf-dist/tex/latex/hyperref/pd1enc.def
File: pd1enc.def 2018/02/06 v6.86b Hyperref: PDFDocEncoding definition (HO)
Now handling font encoding PD1 ...
... no UTF-8 mapping file for font encoding PD1
)
\Hy@SavedSpaceFactor=\count122
 (c:/texlive/2018/texmf-dist/tex/latex/latexconfig/hyperref.cfg
File: hyperref.cfg 2002/06/06 v1.2 hyperref configuration of TeXLive
)
Package hyperref Info: Option `bookmarks' set `true' on input line 4383.
Package hyperref Info: Option `bookmarksopen' set `true' on input line 4383.
Package hyperref Info: Option `implicit' set `false' on input line 4383.
Package hyperref Info: Hyper figures OFF on input line 4509.
Package hyperref Info: Link nesting OFF on input line 4514.
Package hyperref Info: Hyper index ON on input line 4517.
Package hyperref Info: Plain pages OFF on input line 4524.
Package hyperref Info: Backreferencing OFF on input line 4529.
Package hyperref Info: Implicit mode OFF; no redefinition of LaTeX internals.
Package hyperref Info: Bookmarks ON on input line 4762.
\c@Hy@tempcnt=\count123
 (c:/texlive/2018/texmf-dist/tex/latex/url/url.sty
\Urlmuskip=\muskip10
Package: url 2013/09/16  ver 3.4  Verb mode for urls, etc.
)
LaTeX Info: Redefining \url on input line 5115.
\XeTeXLinkMargin=\dimen164
\Fld@menulength=\count124
\Field@Width=\dimen165
\Fld@charsize=\dimen166
Package hyperref Info: Hyper figures OFF on input line 6369.
Package hyperref Info: Link nesting OFF on input line 6374.
Package hyperref Info: Hyper index ON on input line 6377.
Package hyperref Info: backreferencing OFF on input line 6384.
Package hyperref Info: Link coloring OFF on input line 6389.
Package hyperref Info: Link coloring with OCG OFF on input line 6394.
Package hyperref Info: PDF/A mode OFF on input line 6399.
LaTeX Info: Redefining \ref on input line 6439.
LaTeX Info: Redefining \pageref on input line 6443.
\Hy@abspage=\count125


Package hyperref Message: Stopped early.

)
Package hyperref Info: Driver (autodetected): hpdftex.
 (c:/texlive/2018/texmf-dist/tex/latex/hyperref/hpdftex.def
File: hpdftex.def 2018/02/06 v6.86b Hyperref driver for pdfTeX
\Fld@listcount=\count126
\c@bookmark@seq@number=\count127
 (c:/texlive/2018/texmf-dist/tex/latex/oberdiek/rerunfilecheck.sty
Package: rerunfilecheck 2016/05/16 v1.8 Rerun checks for auxiliary files (HO)
Package uniquecounter Info: New unique counter `rerunfilecheck' on input line 282.
)) (c:/texlive/2018/texmf-dist/tex/latex/beamer/beamerbaserequires.sty (c:/texlive/2018/texmf-dist/tex/latex/beamer/beamerbasecompatibility.sty) (c:/texlive/2018/texmf-dist/tex/latex/beamer/beamerbasefont.sty (c:/texlive/2018/texmf-dist/tex/latex/amsfonts/amssymb.sty
Package: amssymb 2013/01/14 v3.01 AMS font symbols
 (c:/texlive/2018/texmf-dist/tex/latex/amsfonts/amsfonts.sty
Package: amsfonts 2013/01/14 v3.01 Basic AMSFonts support
\@emptytoks=\toks26
\symAMSa=\mathgroup4
\symAMSb=\mathgroup5
LaTeX Font Info:    Overwriting math alphabet `\mathfrak' in version `bold'
(Font)                  U/euf/m/n --> U/euf/b/n on input line 106.
)) (c:/texlive/2018/texmf-dist/tex/latex/sansmathaccent/sansmathaccent.sty
Package: sansmathaccent 2013/03/28
 (c:/texlive/2018/texmf-dist/tex/latex/filehook/filehook.sty
Package: filehook 2011/10/12 v0.5d Hooks for input files
))) (c:/texlive/2018/texmf-dist/tex/latex/beamer/beamerbasetranslator.sty (c:/texlive/2018/texmf-dist/tex/latex/translator/translator.sty
Package: translator 2018/01/04 v1.12 Easy translation of strings in LaTeX
)) (c:/texlive/2018/texmf-dist/tex/latex/beamer/beamerbasemisc.sty) (c:/texlive/2018/texmf-dist/tex/latex/beamer/beamerbasetwoscreens.sty) (c:/texlive/2018/texmf-dist/tex/latex/beamer/beamerbaseoverlay.sty
\beamer@argscount=\count128
\beamer@lastskipcover=\skip44
\beamer@trivlistdepth=\count129
) (c:/texlive/2018/texmf-dist/tex/latex/beamer/beamerbasetitle.sty) (c:/texlive/2018/texmf-dist/tex/latex/beamer/beamerbasesection.sty
\c@lecture=\count130
\c@part=\count131
\c@section=\count132
\c@subsection=\count133
\c@subsubsection=\count134
) (c:/texlive/2018/texmf-dist/tex/latex/beamer/beamerbaseframe.sty
\beamer@framebox=\box40
\beamer@frametitlebox=\box41
\beamer@zoombox=\box42
\beamer@zoomcount=\count135
\beamer@zoomframecount=\count136
\beamer@frametextheight=\dimen167
\c@subsectionslide=\count137
\beamer@frametopskip=\skip45
\beamer@framebottomskip=\skip46
\beamer@frametopskipautobreak=\skip47
\beamer@framebottomskipautobreak=\skip48
\beamer@envbody=\toks27
\framewidth=\dimen168
\c@framenumber=\count138
) (c:/texlive/2018/texmf-dist/tex/latex/beamer/beamerbaseverbatim.sty
\beamer@verbatimfileout=\write4
) (c:/texlive/2018/texmf-dist/tex/latex/beamer/beamerbaseframesize.sty
\beamer@splitbox=\box43
\beamer@autobreakcount=\count139
\beamer@autobreaklastheight=\dimen169
\beamer@frametitletoks=\toks28
\beamer@framesubtitletoks=\toks29
) (c:/texlive/2018/texmf-dist/tex/latex/beamer/beamerbaseframecomponents.sty
\beamer@footins=\box44
) (c:/texlive/2018/texmf-dist/tex/latex/beamer/beamerbasecolor.sty
\beamer@bg@ht=\dimen170
\beamer@bg@wd=\dimen171
\beamer@bg@dp=\dimen172
) (c:/texlive/2018/texmf-dist/tex/latex/beamer/beamerbasenotes.sty
\beamer@frameboxcopy=\box45
) (c:/texlive/2018/texmf-dist/tex/latex/beamer/beamerbasetoc.sty) (c:/texlive/2018/texmf-dist/tex/latex/beamer/beamerbasetemplates.sty
\beamer@sbttoks=\toks30
 (c:/texlive/2018/texmf-dist/tex/latex/beamer/beamerbaseauxtemplates.sty (c:/texlive/2018/texmf-dist/tex/latex/beamer/beamerbaseboxes.sty
\bmb@box=\box46
\bmb@colorbox=\box47
\bmb@boxshadow=\box48
\bmb@boxshadowball=\box49
\bmb@boxshadowballlarge=\box50
\bmb@temp=\dimen173
\bmb@dima=\dimen174
\bmb@dimb=\dimen175
\bmb@prevheight=\dimen176
)
\beamer@blockheadheight=\dimen177
)) (c:/texlive/2018/texmf-dist/tex/latex/beamer/beamerbaselocalstructure.sty (c:/texlive/2018/texmf-dist/tex/latex/tools/enumerate.sty
Package: enumerate 2015/07/23 v3.00 enumerate extensions (DPC)
\@enLab=\toks31
)
\c@figure=\count140
\c@table=\count141
\abovecaptionskip=\skip49
\belowcaptionskip=\skip50
) (c:/texlive/2018/texmf-dist/tex/latex/beamer/beamerbasenavigation.sty
\beamer@section@min@dim=\dimen178
) (c:/texlive/2018/texmf-dist/tex/latex/beamer/beamerbasetheorems.sty (c:/texlive/2018/texmf-dist/tex/latex/amsmath/amsmath.sty
Package: amsmath 2017/09/02 v2.17a AMS math features
\@mathmargin=\skip51

For additional information on amsmath, use the `?' option.
(c:/texlive/2018/texmf-dist/tex/latex/amsmath/amstext.sty
Package: amstext 2000/06/29 v2.01 AMS text
 (c:/texlive/2018/texmf-dist/tex/latex/amsmath/amsgen.sty
File: amsgen.sty 1999/11/30 v2.0 generic functions
\@emptytoks=\toks32
\ex@=\dimen179
)) (c:/texlive/2018/texmf-dist/tex/latex/amsmath/amsbsy.sty
Package: amsbsy 1999/11/29 v1.2d Bold Symbols
\pmbraise@=\dimen180
) (c:/texlive/2018/texmf-dist/tex/latex/amsmath/amsopn.sty
Package: amsopn 2016/03/08 v2.02 operator names
)
\inf@bad=\count142
LaTeX Info: Redefining \frac on input line 213.
\uproot@=\count143
\leftroot@=\count144
LaTeX Info: Redefining \overline on input line 375.
\classnum@=\count145
\DOTSCASE@=\count146
LaTeX Info: Redefining \ldots on input line 472.
LaTeX Info: Redefining \dots on input line 475.
LaTeX Info: Redefining \cdots on input line 596.
\Mathstrutbox@=\box51
\strutbox@=\box52
\big@size=\dimen181
LaTeX Font Info:    Redeclaring font encoding OML on input line 712.
LaTeX Font Info:    Redeclaring font encoding OMS on input line 713.
\macc@depth=\count147
\c@MaxMatrixCols=\count148
\dotsspace@=\muskip11
\c@parentequation=\count149
\dspbrk@lvl=\count150
\tag@help=\toks33
\row@=\count151
\column@=\count152
\maxfields@=\count153
\andhelp@=\toks34
\eqnshift@=\dimen182
\alignsep@=\dimen183
\tagshift@=\dimen184
\tagwidth@=\dimen185
\totwidth@=\dimen186
\lineht@=\dimen187
\@envbody=\toks35
\multlinegap=\skip52
\multlinetaggap=\skip53
\mathdisplay@stack=\toks36
LaTeX Info: Redefining \[ on input line 2817.
LaTeX Info: Redefining \] on input line 2818.
) (c:/texlive/2018/texmf-dist/tex/latex/amscls/amsthm.sty
Package: amsthm 2017/10/31 v2.20.4
\thm@style=\toks37
\thm@bodyfont=\toks38
\thm@headfont=\toks39
\thm@notefont=\toks40
\thm@headpunct=\toks41
\thm@preskip=\skip54
\thm@postskip=\skip55
\thm@headsep=\skip56
\dth@everypar=\toks42
)
\c@theorem=\count154
) (c:/texlive/2018/texmf-dist/tex/latex/beamer/beamerbasethemes.sty)) (c:/texlive/2018/texmf-dist/tex/latex/beamer/beamerthemedefault.sty (c:/texlive/2018/texmf-dist/tex/latex/beamer/beamerfontthemedefault.sty) (c:/texlive/2018/texmf-dist/tex/latex/beamer/beamercolorthemedefault.sty) (c:/texlive/2018/texmf-dist/tex/latex/beamer/beamerinnerthemedefault.sty
\beamer@dima=\dimen188
\beamer@dimb=\dimen189
) (c:/texlive/2018/texmf-dist/tex/latex/beamer/beamerouterthemedefault.sty))) (c:/texlive/2018/texmf-dist/tex/latex/base/inputenc.sty
Package: inputenc 2018/04/06 v1.3b Input encoding file
\inpenc@prehook=\toks43
\inpenc@posthook=\toks44
) (c:/texlive/2018/texmf-dist/tex/latex/cleveref/cleveref.sty
Package: cleveref 2018/03/03 v0.21.3 Intelligent cross-referencing


Package cleveref Warning: hyperref package loaded with implicit=false option - disabling cleveref's hyperref support. This situation is not supported by cleveref, and there's no guarantee anything will work. You're on your own! on input line 2234.

Package cleveref Info: `amsthm' support loaded on input line 2890.
) (c:/texlive/2018/texmf-dist/tex/latex/oberdiek/epstopdf.sty
Package: epstopdf 2016/05/15 v2.6 Conversion with epstopdf on the fly (HO)
 (c:/texlive/2018/texmf-dist/tex/latex/oberdiek/epstopdf-base.sty
Package: epstopdf-base 2016/05/15 v2.6 Base part for package epstopdf
 (c:/texlive/2018/texmf-dist/tex/latex/oberdiek/grfext.sty
Package: grfext 2016/05/16 v1.2 Manage graphics extensions (HO)
)
Package epstopdf-base Info: Redefining graphics rule for `.eps' on input line 438.
Package grfext Info: Graphics extension search list:
(grfext)             [.pdf,.png,.jpg,.mps,.jpeg,.jbig2,.jb2,.PDF,.PNG,.JPG,.JPEG,.JBIG2,.JB2,.eps]
(grfext)             \AppendGraphicsExtensions on input line 456.
 (c:/texlive/2018/texmf-dist/tex/latex/latexconfig/epstopdf-sys.cfg
File: epstopdf-sys.cfg 2010/07/13 v1.3 Configuration of (r)epstopdf for TeX Live
))) (c:/texlive/2018/texmf-dist/tex/latex/framed/framed.sty
Package: framed 2011/10/22 v 0.96: framed or shaded text with page breaks
\OuterFrameSep=\skip57
\fb@frw=\dimen190
\fb@frh=\dimen191
\FrameRule=\dimen192
\FrameSep=\dimen193
) (c:/texlive/2018/texmf-dist/tex/latex/tools/array.sty
Package: array 2018/04/07 v2.4g Tabular extension package (FMi)
\col@sep=\dimen194
\ar@mcellbox=\box53
\extrarowheight=\dimen195
\NC@list=\toks45
\extratabsurround=\skip58
\backup@length=\skip59
\ar@cellbox=\box54
) (c:/texlive/2018/texmf-dist/tex/latex/comment/comment.sty
\CommentStream=\write5
 Excluding comment 'comment') (c:/texlive/2018/texmf-dist/tex/latex/animate/animate.sty
Package: animate 2018/02/28 PDF animations from files and inline graphics
 (c:/texlive/2018/texmf-dist/tex/latex/xkeyval/xkeyval.sty
Package: xkeyval 2014/12/03 v2.7a package option processing (HA)
 (c:/texlive/2018/texmf-dist/tex/generic/xkeyval/xkeyval.tex (c:/texlive/2018/texmf-dist/tex/generic/xkeyval/xkvutils.tex
\XKV@toks=\toks46
\XKV@tempa@toks=\toks47
)
\XKV@depth=\count155
File: xkeyval.tex 2014/12/03 v2.7a key=value parser (HA)
)) (c:/texlive/2018/texmf-dist/tex/latex/base/ifthen.sty
Package: ifthen 2014/09/29 v1.1c Standard LaTeX ifthen package (DPC)
) (c:/texlive/2018/texmf-dist/tex/latex/oberdiek/ifdraft.sty
Package: ifdraft 2016/05/16 v1.4 Detect class options draft and final (HO)
) (c:/texlive/2018/texmf-dist/tex/latex/tools/calc.sty
Package: calc 2017/05/25 v4.3 Infix arithmetic (KKT,FJ)
\calc@Acount=\count156
\calc@Bcount=\count157
\calc@Adimen=\dimen196
\calc@Bdimen=\dimen197
\calc@Askip=\skip60
\calc@Bskip=\skip61
LaTeX Info: Redefining \setlength on input line 80.
LaTeX Info: Redefining \addtolength on input line 81.
\calc@Ccount=\count158
\calc@Cskip=\skip62
) (c:/texlive/2018/texmf-dist/tex/latex/media9/pdfbase.sty (c:/texlive/2018/texmf-dist/tex/latex/l3kernel/expl3.sty
Package: expl3 2018/03/05 L3 programming layer (loader) 
 (c:/texlive/2018/texmf-dist/tex/latex/l3kernel/expl3-code.tex
Package: expl3 2018/03/05 L3 programming layer (code)
\c_max_int=\count159
\l_tmpa_int=\count160
\l_tmpb_int=\count161
\g_tmpa_int=\count162
\g_tmpb_int=\count163
\g__intarray_font_int=\count164
\g__prg_map_int=\count165
\c_log_iow=\count166
\l_iow_line_count_int=\count167
\l__iow_line_target_int=\count168
\l__iow_one_indent_int=\count169
\l__iow_indent_int=\count170
\c_zero_dim=\dimen198
\c_max_dim=\dimen199
\l_tmpa_dim=\dimen256
\l_tmpb_dim=\dimen257
\g_tmpa_dim=\dimen258
\g_tmpb_dim=\dimen259
\c_zero_skip=\skip63
\c_max_skip=\skip64
\l_tmpa_skip=\skip65
\l_tmpb_skip=\skip66
\g_tmpa_skip=\skip67
\g_tmpb_skip=\skip68
\c_zero_muskip=\muskip12
\c_max_muskip=\muskip13
\l_tmpa_muskip=\muskip14
\l_tmpb_muskip=\muskip15
\g_tmpa_muskip=\muskip16
\g_tmpb_muskip=\muskip17
\l_keys_choice_int=\count171
\c__fp_leading_shift_int=\count172
\c__fp_middle_shift_int=\count173
\c__fp_trailing_shift_int=\count174
\c__fp_big_leading_shift_int=\count175
\c__fp_big_middle_shift_int=\count176
\c__fp_big_trailing_shift_int=\count177
\c__fp_Bigg_leading_shift_int=\count178
\c__fp_Bigg_middle_shift_int=\count179
\c__fp_Bigg_trailing_shift_int=\count180
\c__fp_rand_size_int=\count181
\c__fp_rand_four_int=\count182
\c__fp_rand_eight_int=\count183
\l__sort_length_int=\count184
\l__sort_min_int=\count185
\l__sort_top_int=\count186
\l__sort_max_int=\count187
\l__sort_true_max_int=\count188
\l__sort_block_int=\count189
\l__sort_begin_int=\count190
\l__sort_end_int=\count191
\l__sort_A_int=\count192
\l__sort_B_int=\count193
\l__sort_C_int=\count194
\l__tl_build_start_index_int=\count195
\l__tl_build_index_int=\count196
\l__tl_analysis_normal_int=\count197
\l__tl_analysis_index_int=\count198
\l__tl_analysis_nesting_int=\count199
\l__tl_analysis_type_int=\count266
\l__regex_internal_a_int=\count267
\l__regex_internal_b_int=\count268
\l__regex_internal_c_int=\count269
\l__regex_balance_int=\count270
\l__regex_group_level_int=\count271
\l__regex_mode_int=\count272
\c__regex_cs_in_class_mode_int=\count273
\c__regex_cs_mode_int=\count274
\l__regex_catcodes_int=\count275
\l__regex_default_catcodes_int=\count276
\c__regex_catcode_D_int=\count277
\c__regex_catcode_S_int=\count278
\c__regex_catcode_L_int=\count279
\c__regex_catcode_O_int=\count280
\c__regex_catcode_A_int=\count281
\c__regex_all_catcodes_int=\count282
\l__regex_show_lines_int=\count283
\l__regex_min_state_int=\count284
\l__regex_max_state_int=\count285
\l__regex_left_state_int=\count286
\l__regex_right_state_int=\count287
\l__regex_capturing_group_int=\count288
\l__regex_min_pos_int=\count289
\l__regex_max_pos_int=\count290
\l__regex_curr_pos_int=\count291
\l__regex_start_pos_int=\count292
\l__regex_success_pos_int=\count293
\l__regex_curr_char_int=\count294
\l__regex_curr_catcode_int=\count295
\l__regex_last_char_int=\count296
\l__regex_case_changed_char_int=\count297
\l__regex_curr_state_int=\count298
\l__regex_step_int=\count299
\l__regex_min_active_int=\count300
\l__regex_max_active_int=\count301
\l__regex_replacement_csnames_int=\count302
\l__regex_match_count_int=\count303
\l__regex_min_submatch_int=\count304
\l__regex_submatch_int=\count305
\l__regex_zeroth_submatch_int=\count306
\g__regex_trace_regex_int=\count307
\c_empty_box=\box55
\l_tmpa_box=\box56
\l_tmpb_box=\box57
\g_tmpa_box=\box58
\g_tmpb_box=\box59
\l__box_top_dim=\dimen260
\l__box_bottom_dim=\dimen261
\l__box_left_dim=\dimen262
\l__box_right_dim=\dimen263
\l__box_top_new_dim=\dimen264
\l__box_bottom_new_dim=\dimen265
\l__box_left_new_dim=\dimen266
\l__box_right_new_dim=\dimen267
\l__box_internal_box=\box60
\l__coffin_internal_box=\box61
\l__coffin_internal_dim=\dimen268
\l__coffin_offset_x_dim=\dimen269
\l__coffin_offset_y_dim=\dimen270
\l__coffin_x_dim=\dimen271
\l__coffin_y_dim=\dimen272
\l__coffin_x_prime_dim=\dimen273
\l__coffin_y_prime_dim=\dimen274
\c_empty_coffin=\box62
\l__coffin_aligned_coffin=\box63
\l__coffin_aligned_internal_coffin=\box64
\l_tmpa_coffin=\box65
\l_tmpb_coffin=\box66
\l__coffin_display_coffin=\box67
\l__coffin_display_coord_coffin=\box68
\l__coffin_display_pole_coffin=\box69
\l__coffin_display_offset_dim=\dimen275
\l__coffin_display_x_dim=\dimen276
\l__coffin_display_y_dim=\dimen277
\l__coffin_bounding_shift_dim=\dimen278
\l__coffin_left_corner_dim=\dimen279
\l__coffin_right_corner_dim=\dimen280
\l__coffin_bottom_corner_dim=\dimen281
\l__coffin_top_corner_dim=\dimen282
\l__coffin_scaled_total_height_dim=\dimen283
\l__coffin_scaled_width_dim=\dimen284
) (c:/texlive/2018/texmf-dist/tex/latex/l3kernel/l3pdfmode.def
File: l3pdfmode.def 2017/03/18 v L3 Experimental driver: PDF mode
\l__driver_color_stack_int=\count308
)) (c:/texlive/2018/texmf-dist/tex/latex/l3packages/l3keys2e/l3keys2e.sty
Package: l3keys2e 2018/02/21 LaTeX2e option processing using LaTeX3 keys
)
Package: pdfbase 2018/04/06 v0.23 driver independent access to low-level PDF features
\g_pbs_page_int=\count309
\g_pbs_oc_int=\count310
) (c:/texlive/2018/texmf-dist/tex/latex/ocgx2/ocgbase.sty
Package: ocgbase 2018/04/06 v0.13 support package for ocgx2.sty
\g_ocgbase_nd_int=\count311
)
\@anim@box=\box70
\@anim@measbox=\box71
\@anim@tmpdima=\dimen285
\@anim@tmpdimb=\dimen286
\@anim@num=\count312
\@anim@curframe=\count313
\@anim@curframe@zb=\count314
\@anim@resizeflags=\count315
\@anim@skipfram=\count316
\@anim@mulframecnt=\count317
\@anim@@tmlnfile=\read2
\@anim@tmpcnt=\count318
\c@@anim@ltxcnt=\count319
\@anim@curlayer=\count320
\@anim@lineno=\count321
\@anim@curfield=\count322
\@anim@@resizeflags=\count323
)
Package grfext Info: Graphics extension search list:
(grfext)             [.pdf,.png,.jpg,.mps,.jpeg,.jbig2,.jb2,.PDF,.PNG,.JPG,.JPEG,.JBIG2,.JB2,.eps,.gif]
(grfext)             \AppendGraphicsExtensions on input line 20.
 (c:/Users/Ankith A Das/Documents/Math2916/Latex/doc.aux)
\openout1 = `doc.aux'.

LaTeX Font Info:    Checking defaults for OML/cmm/m/it on input line 35.
LaTeX Font Info:    ... okay on input line 35.
LaTeX Font Info:    Checking defaults for T1/cmr/m/n on input line 35.
LaTeX Font Info:    ... okay on input line 35.
LaTeX Font Info:    Checking defaults for OT1/cmr/m/n on input line 35.
LaTeX Font Info:    ... okay on input line 35.
LaTeX Font Info:    Checking defaults for OMS/cmsy/m/n on input line 35.
LaTeX Font Info:    ... okay on input line 35.
LaTeX Font Info:    Checking defaults for OMX/cmex/m/n on input line 35.
LaTeX Font Info:    ... okay on input line 35.
LaTeX Font Info:    Checking defaults for U/cmr/m/n on input line 35.
LaTeX Font Info:    ... okay on input line 35.
LaTeX Font Info:    Checking defaults for PD1/pdf/m/n on input line 35.
LaTeX Font Info:    ... okay on input line 35.

*geometry* driver: auto-detecting
*geometry* detected driver: pdftex
*geometry* verbose mode - [ preamble ] result:
* driver: pdftex
* paper: custom
* layout: <same size as paper>
* layoutoffset:(h,v)=(0.0pt,0.0pt)
* modes: includehead includefoot 
* h-part:(L,W,R)=(14.22636pt, 335.74263pt, 14.22636pt)
* v-part:(T,H,B)=(0.0pt, 273.14662pt, 0.0pt)
* \paperwidth=364.19536pt
* \paperheight=273.14662pt
* \textwidth=335.74263pt
* \textheight=244.6939pt
* \oddsidemargin=-58.04362pt
* \evensidemargin=-58.04362pt
* \topmargin=-72.26999pt
* \headheight=14.22636pt
* \headsep=0.0pt
* \topskip=11.0pt
* \footskip=14.22636pt
* \marginparwidth=4.0pt
* \marginparsep=10.0pt
* \columnsep=10.0pt
* \skip\footins=10.0pt plus 4.0pt minus 2.0pt
* \hoffset=0.0pt
* \voffset=0.0pt
* \mag=1000
* \@twocolumnfalse
* \@twosidefalse
* \@mparswitchfalse
* \@reversemarginfalse
* (1in=72.27pt=25.4mm, 1cm=28.453pt)

(c:/texlive/2018/texmf-dist/tex/context/base/mkii/supp-pdf.mkii
[Loading MPS to PDF converter (version 2006.09.02).]
\scratchcounter=\count324
\scratchdimen=\dimen287
\scratchbox=\box72
\nofMPsegments=\count325
\nofMParguments=\count326
\everyMPshowfont=\toks48
\MPscratchCnt=\count327
\MPscratchDim=\dimen288
\MPnumerator=\count328
\makeMPintoPDFobject=\count329
\everyMPtoPDFconversion=\toks49
) ABD: EveryShipout initializing macros
\AtBeginShipoutBox=\box73
Package hyperref Info: Link coloring OFF on input line 35.
 (c:/texlive/2018/texmf-dist/tex/latex/hyperref/nameref.sty
Package: nameref 2016/05/21 v2.44 Cross-referencing by name of section
 (c:/texlive/2018/texmf-dist/tex/generic/oberdiek/gettitlestring.sty
Package: gettitlestring 2016/05/16 v1.5 Cleanup title references (HO)
)
\c@section@level=\count330
)
LaTeX Info: Redefining \ref on input line 35.
LaTeX Info: Redefining \pageref on input line 35.
LaTeX Info: Redefining \nameref on input line 35.
 (c:/Users/Ankith A Das/Documents/Math2916/Latex/doc.out) (c:/Users/Ankith A Das/Documents/Math2916/Latex/doc.out)
\@outlinefile=\write6
\openout6 = `doc.out'.

LaTeX Font Info:    Overwriting symbol font `operators' in version `normal'
(Font)                  OT1/cmr/m/n --> OT1/cmss/m/n on input line 35.
LaTeX Font Info:    Overwriting symbol font `operators' in version `bold'
(Font)                  OT1/cmr/bx/n --> OT1/cmss/bx/n on input line 35.
\symnumbers=\mathgroup6
\sympureletters=\mathgroup7
LaTeX Font Info:    Overwriting math alphabet `\mathrm' in version `normal'
(Font)                  OT1/cmss/m/n --> OT1/cmr/m/n on input line 35.
LaTeX Font Info:    Redeclaring math alphabet \mathbf on input line 35.
LaTeX Font Info:    Overwriting math alphabet `\mathbf' in version `normal'
(Font)                  OT1/cmr/bx/n --> OT1/cmss/bx/n on input line 35.
LaTeX Font Info:    Overwriting math alphabet `\mathbf' in version `bold'
(Font)                  OT1/cmr/bx/n --> OT1/cmss/bx/n on input line 35.
LaTeX Font Info:    Redeclaring math alphabet \mathsf on input line 35.
LaTeX Font Info:    Overwriting math alphabet `\mathsf' in version `normal'
(Font)                  OT1/cmss/m/n --> OT1/cmss/m/n on input line 35.
LaTeX Font Info:    Overwriting math alphabet `\mathsf' in version `bold'
(Font)                  OT1/cmss/bx/n --> OT1/cmss/m/n on input line 35.
LaTeX Font Info:    Redeclaring math alphabet \mathit on input line 35.
LaTeX Font Info:    Overwriting math alphabet `\mathit' in version `normal'
(Font)                  OT1/cmr/m/it --> OT1/cmss/m/it on input line 35.
LaTeX Font Info:    Overwriting math alphabet `\mathit' in version `bold'
(Font)                  OT1/cmr/bx/it --> OT1/cmss/m/it on input line 35.
LaTeX Font Info:    Redeclaring math alphabet \mathtt on input line 35.
LaTeX Font Info:    Overwriting math alphabet `\mathtt' in version `normal'
(Font)                  OT1/cmtt/m/n --> OT1/cmtt/m/n on input line 35.
LaTeX Font Info:    Overwriting math alphabet `\mathtt' in version `bold'
(Font)                  OT1/cmtt/m/n --> OT1/cmtt/m/n on input line 35.
LaTeX Font Info:    Overwriting symbol font `numbers' in version `bold'
(Font)                  OT1/cmss/m/n --> OT1/cmss/bx/n on input line 35.
LaTeX Font Info:    Overwriting symbol font `pureletters' in version `bold'
(Font)                  OT1/cmss/m/it --> OT1/cmss/bx/it on input line 35.
LaTeX Font Info:    Overwriting math alphabet `\mathrm' in version `bold'
(Font)                  OT1/cmss/bx/n --> OT1/cmr/bx/n on input line 35.
LaTeX Font Info:    Overwriting math alphabet `\mathbf' in version `bold'
(Font)                  OT1/cmss/bx/n --> OT1/cmss/bx/n on input line 35.
LaTeX Font Info:    Overwriting math alphabet `\mathsf' in version `bold'
(Font)                  OT1/cmss/m/n --> OT1/cmss/bx/n on input line 35.
LaTeX Font Info:    Overwriting math alphabet `\mathit' in version `bold'
(Font)                  OT1/cmss/m/it --> OT1/cmss/bx/it on input line 35.
LaTeX Font Info:    Overwriting math alphabet `\mathtt' in version `bold'
(Font)                  OT1/cmtt/m/n --> OT1/cmtt/bx/n on input line 35.
LaTeX Font Info:    Redeclaring symbol font `pureletters' on input line 35.
LaTeX Font Info:    Overwriting symbol font `pureletters' in version `normal'
(Font)                  OT1/cmss/m/it --> OT1/mathkerncmss/m/sl on input line 35.
LaTeX Font Info:    Overwriting symbol font `pureletters' in version `bold'
(Font)                  OT1/cmss/bx/it --> OT1/mathkerncmss/m/sl on input line 35.
LaTeX Font Info:    Overwriting symbol font `pureletters' in version `bold'
(Font)                  OT1/mathkerncmss/m/sl --> OT1/mathkerncmss/bx/sl on input line 35.
 (c:/texlive/2018/texmf-dist/tex/latex/translator/translator-basic-dictionary-English.dict
Dictionary: translator-basic-dictionary, Language: English 
) (c:/texlive/2018/texmf-dist/tex/latex/translator/translator-bibliography-dictionary-English.dict
Dictionary: translator-bibliography-dictionary, Language: English 
) (c:/texlive/2018/texmf-dist/tex/latex/translator/translator-environment-dictionary-English.dict
Dictionary: translator-environment-dictionary, Language: English 
) (c:/texlive/2018/texmf-dist/tex/latex/translator/translator-months-dictionary-English.dict
Dictionary: translator-months-dictionary, Language: English 
) (c:/texlive/2018/texmf-dist/tex/latex/translator/translator-numbers-dictionary-English.dict
Dictionary: translator-numbers-dictionary, Language: English 
) (c:/texlive/2018/texmf-dist/tex/latex/translator/translator-theorem-dictionary-English.dict
Dictionary: translator-theorem-dictionary, Language: English 
) (c:/Users/Ankith A Das/Documents/Math2916/Latex/doc.nav) [1

{c:/texlive/2018/texmf-var/fonts/map/pdftex/updmap/pdftex.map}]
LaTeX Font Info:    Try loading font information for U+msa on input line 94.
 (c:/texlive/2018/texmf-dist/tex/latex/amsfonts/umsa.fd
File: umsa.fd 2013/01/14 v3.01 AMS symbols A
)
LaTeX Font Info:    Try loading font information for U+msb on input line 94.
 (c:/texlive/2018/texmf-dist/tex/latex/amsfonts/umsb.fd
File: umsb.fd 2013/01/14 v3.01 AMS symbols B
)
LaTeX Font Info:    Try loading font information for OT1+mathkerncmss on input line 94.
 (c:/texlive/2018/texmf-dist/tex/latex/sansmathaccent/ot1mathkerncmss.fd
File: ot1mathkerncmss.fd 2013/03/27 Fontinst v1.933 font definitions for OT1/mathkerncmss.
) [2

]
<figures/Mod2,7.pdf, id=72, 185.16577pt x 163.0622pt>
File: figures/Mod2,7.pdf Graphic file (type pdf)
<use figures/Mod2,7.pdf>
Package pdftex.def Info: figures/Mod2,7.pdf  used on input line 111.
(pdftex.def)             Requested size: 148.13281pt x 130.44992pt.
 [3

 <c:/Users/Ankith A Das/Documents/Math2916/Latex/figures/Mod2,7.pdf>]
<figures/PascalMod2.pdf, id=89, 342.86496pt x 299.63445pt>
File: figures/PascalMod2.pdf Graphic file (type pdf)
<use figures/PascalMod2.pdf>
Package pdftex.def Info: figures/PascalMod2.pdf  used on input line 119.
(pdftex.def)             Requested size: 274.29233pt x 239.70787pt.

Overfull \vbox (13.1057pt too high) detected at line 119
 []

[4

 <c:/Users/Ankith A Das/Documents/Math2916/Latex/figures/PascalMod2.pdf>] [5

] [6

] [7

]
File: figures/Mod2,7.pdf Graphic file (type pdf)
<use figures/Mod2,7.pdf>
Package pdftex.def Info: figures/Mod2,7.pdf  used on input line 207.
(pdftex.def)             Requested size: 129.61514pt x 114.14275pt.
<figures/pascalRule.pdf, id=125, 433.62pt x 126.4725pt>
File: figures/pascalRule.pdf Graphic file (type pdf)
<use figures/pascalRule.pdf>
Package pdftex.def Info: figures/pascalRule.pdf  used on input line 207.
(pdftex.def)             Requested size: 130.087pt x 37.94203pt.
 [8

 <c:/Users/Ankith A Das/Documents/Math2916/Latex/figures/pascalRule.pdf>]
<figures/grid.pdf, id=133, 433.62pt x 45.16875pt>
File: figures/grid.pdf Graphic file (type pdf)
<use figures/grid.pdf>
Package pdftex.def Info: figures/grid.pdf  used on input line 269.
(pdftex.def)             Requested size: 173.44492pt x 18.06717pt.
<figures/rulerule30.pdf, id=134, 433.62pt x 60.225pt>
File: figures/rulerule30.pdf Graphic file (type pdf)
<use figures/rulerule30.pdf>
Package pdftex.def Info: figures/rulerule30.pdf  used on input line 269.
(pdftex.def)             Requested size: 216.80946pt x 30.11241pt.
<figures/IMG.png, id=135, 505.89pt x 76.78688pt>
File: figures/IMG.png Graphic file (type png)
<use figures/IMG.png>
Package pdftex.def Info: figures/IMG.png  used on input line 269.
(pdftex.def)             Requested size: 202.3524pt x 30.7142pt.
 [9

 <c:/Users/Ankith A Das/Documents/Math2916/Latex/figures/grid.pdf> <c:/Users/Ankith A Das/Documents/Math2916/Latex/figures/rulerule30.pdf

pdfTeX warning: pdflatex.exe (file c:/Users/Ankith A Das/Documents/Math2916/Latex/figures/rulerule30.pdf): PDF inclusion: multiple pdfs with page group included in a single page
> <c:/Users/Ankith A Das/Documents/Math2916/Latex/figures/IMG.png>]
<figures/gif/frame-0.png, id=146, 501.875pt x 341.275pt>
File: figures/gif/frame-0.png Graphic file (type png)
<use figures/gif/frame-0.png>
Package pdftex.def Info: figures/gif/frame-0.png  used on input line 275.
(pdftex.def)             Requested size: 501.87376pt x 341.27415pt.
 <c:/Users/Ankith A Das/Documents/Math2916/Latex/figures/gif/frame-0.png> <a0,fr0> <a0,fr1>
<figures/gif/frame-2.png, id=158, 501.875pt x 341.275pt>
File: figures/gif/frame-2.png Graphic file (type png)
<use figures/gif/frame-2.png>
Package pdftex.def Info: figures/gif/frame-2.png  used on input line 275.
(pdftex.def)             Requested size: 501.87376pt x 341.27415pt.
 <c:/Users/Ankith A Das/Documents/Math2916/Latex/figures/gif/frame-2.png> <a0,fr2>
<figures/gif/frame-3.png, id=167, 501.875pt x 341.275pt>
File: figures/gif/frame-3.png Graphic file (type png)
<use figures/gif/frame-3.png>
Package pdftex.def Info: figures/gif/frame-3.png  used on input line 275.
(pdftex.def)             Requested size: 501.87376pt x 341.27415pt.
 <c:/Users/Ankith A Das/Documents/Math2916/Latex/figures/gif/frame-3.png> <a0,fr3>
<figures/gif/frame-4.png, id=176, 501.875pt x 341.275pt>
File: figures/gif/frame-4.png Graphic file (type png)
<use figures/gif/frame-4.png>
Package pdftex.def Info: figures/gif/frame-4.png  used on input line 275.
(pdftex.def)             Requested size: 501.87376pt x 341.27415pt.
 <c:/Users/Ankith A Das/Documents/Math2916/Latex/figures/gif/frame-4.png> <a0,fr4>
<figures/gif/frame-5.png, id=185, 501.875pt x 341.275pt>
File: figures/gif/frame-5.png Graphic file (type png)
<use figures/gif/frame-5.png>
Package pdftex.def Info: figures/gif/frame-5.png  used on input line 275.
(pdftex.def)             Requested size: 501.87376pt x 341.27415pt.
 <c:/Users/Ankith A Das/Documents/Math2916/Latex/figures/gif/frame-5.png> <a0,fr5>
<figures/gif/frame-6.png, id=194, 501.875pt x 341.275pt>
File: figures/gif/frame-6.png Graphic file (type png)
<use figures/gif/frame-6.png>
Package pdftex.def Info: figures/gif/frame-6.png  used on input line 275.
(pdftex.def)             Requested size: 501.87376pt x 341.27415pt.
 <c:/Users/Ankith A Das/Documents/Math2916/Latex/figures/gif/frame-6.png> <a0,fr6>
<figures/gif/frame-7.png, id=204, 501.875pt x 341.275pt>
File: figures/gif/frame-7.png Graphic file (type png)
<use figures/gif/frame-7.png>
Package pdftex.def Info: figures/gif/frame-7.png  used on input line 275.
(pdftex.def)             Requested size: 501.87376pt x 341.27415pt.
 <c:/Users/Ankith A Das/Documents/Math2916/Latex/figures/gif/frame-7.png> <a0,fr7>
<figures/gif/frame-8.png, id=213, 501.875pt x 341.275pt>
File: figures/gif/frame-8.png Graphic file (type png)
<use figures/gif/frame-8.png>
Package pdftex.def Info: figures/gif/frame-8.png  used on input line 275.
(pdftex.def)             Requested size: 501.87376pt x 341.27415pt.
 <c:/Users/Ankith A Das/Documents/Math2916/Latex/figures/gif/frame-8.png> <a0,fr8>
<figures/gif/frame-9.png, id=222, 501.875pt x 341.275pt>
File: figures/gif/frame-9.png Graphic file (type png)
<use figures/gif/frame-9.png>
Package pdftex.def Info: figures/gif/frame-9.png  used on input line 275.
(pdftex.def)             Requested size: 501.87376pt x 341.27415pt.
 <c:/Users/Ankith A Das/Documents/Math2916/Latex/figures/gif/frame-9.png> <a0,fr9>
<figures/gif/frame-10.png, id=231, 501.875pt x 341.275pt>
File: figures/gif/frame-10.png Graphic file (type png)
<use figures/gif/frame-10.png>
Package pdftex.def Info: figures/gif/frame-10.png  used on input line 275.
(pdftex.def)             Requested size: 501.87376pt x 341.27415pt.
 <c:/Users/Ankith A Das/Documents/Math2916/Latex/figures/gif/frame-10.png> <a0,fr10>
<figures/gif/frame-11.png, id=240, 501.875pt x 341.275pt>
File: figures/gif/frame-11.png Graphic file (type png)
<use figures/gif/frame-11.png>
Package pdftex.def Info: figures/gif/frame-11.png  used on input line 275.
(pdftex.def)             Requested size: 501.87376pt x 341.27415pt.
 <c:/Users/Ankith A Das/Documents/Math2916/Latex/figures/gif/frame-11.png> <a0,fr11>
<figures/gif/frame-12.png, id=249, 501.875pt x 341.275pt>
File: figures/gif/frame-12.png Graphic file (type png)
<use figures/gif/frame-12.png>
Package pdftex.def Info: figures/gif/frame-12.png  used on input line 275.
(pdftex.def)             Requested size: 501.87376pt x 341.27415pt.
 <c:/Users/Ankith A Das/Documents/Math2916/Latex/figures/gif/frame-12.png> <a0,fr12>
<figures/gif/frame-13.png, id=258, 501.875pt x 341.275pt>
File: figures/gif/frame-13.png Graphic file (type png)
<use figures/gif/frame-13.png>
Package pdftex.def Info: figures/gif/frame-13.png  used on input line 275.
(pdftex.def)             Requested size: 501.87376pt x 341.27415pt.
 <c:/Users/Ankith A Das/Documents/Math2916/Latex/figures/gif/frame-13.png> <a0,fr13>
<figures/gif/frame-14.png, id=267, 501.875pt x 341.275pt>
File: figures/gif/frame-14.png Graphic file (type png)
<use figures/gif/frame-14.png>
Package pdftex.def Info: figures/gif/frame-14.png  used on input line 275.
(pdftex.def)             Requested size: 501.87376pt x 341.27415pt.
 <c:/Users/Ankith A Das/Documents/Math2916/Latex/figures/gif/frame-14.png> <a0,fr14>
<figures/gif/frame-15.png, id=276, 501.875pt x 341.275pt>
File: figures/gif/frame-15.png Graphic file (type png)
<use figures/gif/frame-15.png>
Package pdftex.def Info: figures/gif/frame-15.png  used on input line 275.
(pdftex.def)             Requested size: 501.87376pt x 341.27415pt.
 <c:/Users/Ankith A Das/Documents/Math2916/Latex/figures/gif/frame-15.png> <a0,fr15>
<figures/gif/frame-16.png, id=285, 501.875pt x 341.275pt>
File: figures/gif/frame-16.png Graphic file (type png)
<use figures/gif/frame-16.png>
Package pdftex.def Info: figures/gif/frame-16.png  used on input line 275.
(pdftex.def)             Requested size: 501.87376pt x 341.27415pt.
 <c:/Users/Ankith A Das/Documents/Math2916/Latex/figures/gif/frame-16.png> <a0,fr16>
<figures/gif/frame-17.png, id=294, 501.875pt x 341.275pt>
File: figures/gif/frame-17.png Graphic file (type png)
<use figures/gif/frame-17.png>
Package pdftex.def Info: figures/gif/frame-17.png  used on input line 275.
(pdftex.def)             Requested size: 501.87376pt x 341.27415pt.
 <c:/Users/Ankith A Das/Documents/Math2916/Latex/figures/gif/frame-17.png> <a0,fr17>
<figures/gif/frame-18.png, id=303, 501.875pt x 341.275pt>
File: figures/gif/frame-18.png Graphic file (type png)
<use figures/gif/frame-18.png>
Package pdftex.def Info: figures/gif/frame-18.png  used on input line 275.
(pdftex.def)             Requested size: 501.87376pt x 341.27415pt.
 <c:/Users/Ankith A Das/Documents/Math2916/Latex/figures/gif/frame-18.png> <a0,fr18>
<figures/gif/frame-19.png, id=312, 501.875pt x 341.275pt>
File: figures/gif/frame-19.png Graphic file (type png)
<use figures/gif/frame-19.png>
Package pdftex.def Info: figures/gif/frame-19.png  used on input line 275.
(pdftex.def)             Requested size: 501.87376pt x 341.27415pt.
 <c:/Users/Ankith A Das/Documents/Math2916/Latex/figures/gif/frame-19.png> <a0,fr19>
<figures/gif/frame-20.png, id=321, 501.875pt x 341.275pt>
File: figures/gif/frame-20.png Graphic file (type png)
<use figures/gif/frame-20.png>
Package pdftex.def Info: figures/gif/frame-20.png  used on input line 275.
(pdftex.def)             Requested size: 501.87376pt x 341.27415pt.
 <c:/Users/Ankith A Das/Documents/Math2916/Latex/figures/gif/frame-20.png> <a0,fr20>
<figures/gif/frame-21.png, id=330, 501.875pt x 341.275pt>
File: figures/gif/frame-21.png Graphic file (type png)
<use figures/gif/frame-21.png>
Package pdftex.def Info: figures/gif/frame-21.png  used on input line 275.
(pdftex.def)             Requested size: 501.87376pt x 341.27415pt.
 <c:/Users/Ankith A Das/Documents/Math2916/Latex/figures/gif/frame-21.png> <a0,fr21>
<figures/gif/frame-22.png, id=339, 501.875pt x 341.275pt>
File: figures/gif/frame-22.png Graphic file (type png)
<use figures/gif/frame-22.png>
Package pdftex.def Info: figures/gif/frame-22.png  used on input line 275.
(pdftex.def)             Requested size: 501.87376pt x 341.27415pt.
 <c:/Users/Ankith A Das/Documents/Math2916/Latex/figures/gif/frame-22.png> <a0,fr22>
<figures/gif/frame-23.png, id=348, 501.875pt x 341.275pt>
File: figures/gif/frame-23.png Graphic file (type png)
<use figures/gif/frame-23.png>
Package pdftex.def Info: figures/gif/frame-23.png  used on input line 275.
(pdftex.def)             Requested size: 501.87376pt x 341.27415pt.
 <c:/Users/Ankith A Das/Documents/Math2916/Latex/figures/gif/frame-23.png> <a0,fr23>
<figures/gif/frame-24.png, id=357, 501.875pt x 341.275pt>
File: figures/gif/frame-24.png Graphic file (type png)
<use figures/gif/frame-24.png>
Package pdftex.def Info: figures/gif/frame-24.png  used on input line 275.
(pdftex.def)             Requested size: 501.87376pt x 341.27415pt.
 <c:/Users/Ankith A Das/Documents/Math2916/Latex/figures/gif/frame-24.png> <a0,fr24>
<figures/gif/frame-25.png, id=366, 501.875pt x 341.275pt>
File: figures/gif/frame-25.png Graphic file (type png)
<use figures/gif/frame-25.png>
Package pdftex.def Info: figures/gif/frame-25.png  used on input line 275.
(pdftex.def)             Requested size: 501.87376pt x 341.27415pt.
 <c:/Users/Ankith A Das/Documents/Math2916/Latex/figures/gif/frame-25.png> <a0,fr25>
<figures/gif/frame-26.png, id=375, 501.875pt x 341.275pt>
File: figures/gif/frame-26.png Graphic file (type png)
<use figures/gif/frame-26.png>
Package pdftex.def Info: figures/gif/frame-26.png  used on input line 275.
(pdftex.def)             Requested size: 501.87376pt x 341.27415pt.
 <c:/Users/Ankith A Das/Documents/Math2916/Latex/figures/gif/frame-26.png> <a0,fr26>
<figures/gif/frame-27.png, id=384, 501.875pt x 341.275pt>
File: figures/gif/frame-27.png Graphic file (type png)
<use figures/gif/frame-27.png>
Package pdftex.def Info: figures/gif/frame-27.png  used on input line 275.
(pdftex.def)             Requested size: 501.87376pt x 341.27415pt.
 <c:/Users/Ankith A Das/Documents/Math2916/Latex/figures/gif/frame-27.png> <a0,fr27>
<figures/gif/frame-28.png, id=393, 501.875pt x 341.275pt>
File: figures/gif/frame-28.png Graphic file (type png)
<use figures/gif/frame-28.png>
Package pdftex.def Info: figures/gif/frame-28.png  used on input line 275.
(pdftex.def)             Requested size: 501.87376pt x 341.27415pt.
 <c:/Users/Ankith A Das/Documents/Math2916/Latex/figures/gif/frame-28.png> <a0,fr28>
<figures/gif/frame-29.png, id=402, 501.875pt x 341.275pt>
File: figures/gif/frame-29.png Graphic file (type png)
<use figures/gif/frame-29.png>
Package pdftex.def Info: figures/gif/frame-29.png  used on input line 275.
(pdftex.def)             Requested size: 501.87376pt x 341.27415pt.
 <c:/Users/Ankith A Das/Documents/Math2916/Latex/figures/gif/frame-29.png> <a0,fr29> [10

]
<figures/fig3.png, id=421, 978.65625pt x 645.91313pt>
File: figures/fig3.png Graphic file (type png)
<use figures/fig3.png>
Package pdftex.def Info: figures/fig3.png  used on input line 285.
(pdftex.def)             Requested size: 293.59914pt x 193.77544pt.
<figures/rule60.pdf, id=422, 40.14699pt x 362.13982pt>
File: figures/rule60.pdf Graphic file (type pdf)
<use figures/rule60.pdf>
Package pdftex.def Info: figures/rule60.pdf  used on input line 285.
(pdftex.def)             Requested size: 20.07343pt x 181.06946pt.

Overfull \vbox (3.64677pt too high) detected at line 285
 []

[11

 <c:/Users/Ankith A Das/Documents/Math2916/Latex/figures/fig3.png> <c:/Users/Ankith A Das/Documents/Math2916/Latex/figures/rule60.pdf>]
<figures/rule60Num.pdf, id=436, 403.53558pt x 50.85774pt>
File: figures/rule60Num.pdf Graphic file (type pdf)
<use figures/rule60Num.pdf>
Package pdftex.def Info: figures/rule60Num.pdf  used on input line 303.
(pdftex.def)             Requested size: 282.47298pt x 35.60016pt.
<figures/initial.pdf, id=437, 422.96461pt x 30.3815pt>
File: figures/initial.pdf Graphic file (type pdf)
<use figures/initial.pdf>
Package pdftex.def Info: figures/initial.pdf  used on input line 303.
(pdftex.def)             Requested size: 253.78072pt x 18.22902pt.
 [12

 <c:/Users/Ankith A Das/Documents/Math2916/Latex/figures/rule60Num.pdf> <c:/Users/Ankith A Das/Documents/Math2916/Latex/figures/initial.pdf

pdfTeX warning: pdflatex.exe (file c:/Users/Ankith A Das/Documents/Math2916/Latex/figures/initial.pdf): PDF inclusion: multiple pdfs with page group included in a single page
>]
<figures/fig4.pdf, id=458, 350.5597pt x 393.92528pt>
File: figures/fig4.pdf Graphic file (type pdf)
<use figures/fig4.pdf>
Package pdftex.def Info: figures/fig4.pdf  used on input line 312.
(pdftex.def)             Requested size: 185.79575pt x 208.7794pt.

Overfull \vbox (5.05074pt too high) detected at line 312
 []

[13

 <c:/Users/Ankith A Das/Documents/Math2916/Latex/figures/fig4.pdf>]
<figures/seir.pdf, id=478, 433.62pt x 432.61626pt>
File: figures/seir.pdf Graphic file (type pdf)
<use figures/seir.pdf>
Package pdftex.def Info: figures/seir.pdf  used on input line 321.
(pdftex.def)             Requested size: 216.80946pt x 216.3076pt.
File: figures/rule60.pdf Graphic file (type pdf)
<use figures/rule60.pdf>
Package pdftex.def Info: figures/rule60.pdf  used on input line 321.
(pdftex.def)             Requested size: 24.08836pt x 217.28555pt.

Overfull \vbox (13.55688pt too high) detected at line 321
 []

[14

 <c:/Users/Ankith A Das/Documents/Math2916/Latex/figures/seir.pdf>]
<figures/GlobalMod2.pdf, id=486, 433.62pt x 432.61626pt>
File: figures/GlobalMod2.pdf Graphic file (type pdf)
<use figures/GlobalMod2.pdf>
Package pdftex.def Info: figures/GlobalMod2.pdf  used on input line 329.
(pdftex.def)             Requested size: 216.80946pt x 216.3076pt.
 [15

 <c:/Users/Ankith A Das/Documents/Math2916/Latex/figures/GlobalMod2.pdf>]
<figures/rule30.pdf, id=494, 350.5597pt x 207.31195pt>
File: figures/rule30.pdf Graphic file (type pdf)
<use figures/rule30.pdf>
Package pdftex.def Info: figures/rule30.pdf  used on input line 349.
(pdftex.def)             Requested size: 280.44812pt x 165.84978pt.
 [16

 <c:/Users/Ankith A Das/Documents/Math2916/Latex/figures/rule30.pdf>] Excluding 'comment' comment. [17

] [18

]
<figures/addRule.pdf, id=512, 141.50523pt x 30.4086pt>
File: figures/addRule.pdf Graphic file (type pdf)
<use figures/addRule.pdf>
Package pdftex.def Info: figures/addRule.pdf  used on input line 529.
(pdftex.def)             Requested size: 141.50488pt x 30.40851pt.
File: figures/rule60Num.pdf Graphic file (type pdf)
<use figures/rule60Num.pdf>
Package pdftex.def Info: figures/rule60Num.pdf  used on input line 529.
(pdftex.def)             Requested size: 282.47298pt x 35.60016pt.
 [19

 <c:/Users/Ankith A Das/Documents/Math2916/Latex/figures/addRule.pdf>]
<figures/sierSmall.pdf, id=521, 433.62pt x 432.61626pt>
File: figures/sierSmall.pdf Graphic file (type pdf)
<use figures/sierSmall.pdf>
Package pdftex.def Info: figures/sierSmall.pdf  used on input line 540.
(pdftex.def)             Requested size: 173.44492pt x 173.04343pt.
 [20

 <c:/Users/Ankith A Das/Documents/Math2916/Latex/figures/sierSmall.pdf>]
File: figures/seir.pdf Graphic file (type pdf)
<use figures/seir.pdf>
Package pdftex.def Info: figures/seir.pdf  used on input line 547.
(pdftex.def)             Requested size: 216.80946pt x 216.3076pt.
 [21

] [22

]
<figures/Mod3Poly.pdf, id=539, 406.51875pt x 363.3575pt>
File: figures/Mod3Poly.pdf Graphic file (type pdf)
<use figures/Mod3Poly.pdf>
Package pdftex.def Info: figures/Mod3Poly.pdf  used on input line 590.
(pdftex.def)             Requested size: 121.95656pt x 109.00809pt.
<figures/genPolyRule.pdf, id=540, 177.76614pt x 162.93973pt>
File: figures/genPolyRule.pdf Graphic file (type pdf)
<use figures/genPolyRule.pdf>
Package pdftex.def Info: figures/genPolyRule.pdf  used on input line 590.
(pdftex.def)             Requested size: 106.66049pt x 97.76457pt.
 [23

 <c:/Users/Ankith A Das/Documents/Math2916/Latex/figures/Mod3poly.pdf> <c:/Users/Ankith A Das/Documents/Math2916/Latex/figures/genPolyRule.pdf

pdfTeX warning: pdflatex.exe (file c:/Users/Ankith A Das/Documents/Math2916/Latex/figures/genPolyRule.pdf): PDF inclusion: multiple pdfs with page group included in a single page
>]
<figures/genPolyRuleVertical.pdf, id=563, 50.72722pt x 408.93991pt>
File: figures/genPolyRuleVertical.pdf Graphic file (type pdf)
<use figures/genPolyRuleVertical.pdf>
Package pdftex.def Info: figures/genPolyRuleVertical.pdf  used on input line 599.
(pdftex.def)             Requested size: 25.36354pt x 204.46945pt.
<figures/Mod3Bigger.pdf, id=564, 406.51875pt x 363.3575pt>
File: figures/Mod3Bigger.pdf Graphic file (type pdf)
<use figures/Mod3Bigger.pdf>
Package pdftex.def Info: figures/Mod3Bigger.pdf  used on input line 599.
(pdftex.def)             Requested size: 243.91312pt x 218.01617pt.
 [24

 <c:/Users/Ankith A Das/Documents/Math2916/Latex/figures/genPolyRuleVertical.pdf> <c:/Users/Ankith A Das/Documents/Math2916/Latex/figures/Mod3Bigger.pdf

pdfTeX warning: pdflatex.exe (file c:/Users/Ankith A Das/Documents/Math2916/Latex/figures/Mod3Bigger.pdf): PDF inclusion: multiple pdfs with page group included in a single page
>]
<figures/mod3ployrule.pdf, id=585, 45.55014pt x 384.22409pt>
File: figures/mod3ployrule.pdf Graphic file (type pdf)
<use figures/mod3ployrule.pdf>
Package pdftex.def Info: figures/mod3ployrule.pdf  used on input line 612.
(pdftex.def)             Requested size: 22.77501pt x 192.11157pt.
<figures/PascalCAMod3.pdf, id=586, 406.51875pt x 363.3575pt>
File: figures/PascalCAMod3.pdf Graphic file (type pdf)
<use figures/PascalCAMod3.pdf>
Package pdftex.def Info: figures/PascalCAMod3.pdf  used on input line 612.
(pdftex.def)             Requested size: 203.25887pt x 181.6783pt.
 [25

 <c:/Users/Ankith A Das/Documents/Math2916/Latex/figures/mod3ployrule.pdf> <c:/Users/Ankith A Das/Documents/Math2916/Latex/figures/PascalCAMod3.pdf

pdfTeX warning: pdflatex.exe (file c:/Users/Ankith A Das/Documents/Math2916/Latex/figures/PascalCAMod3.pdf): PDF inclusion: multiple pdfs with page group included in a single page
>] [26

] [27

]
<figures/PascalMod3.pdf, id=618, 677.97493pt x 589.8487pt>
File: figures/PascalMod3.pdf Graphic file (type pdf)
<use figures/PascalMod3.pdf>
Package pdftex.def Info: figures/PascalMod3.pdf  used on input line 667.
(pdftex.def)             Requested size: 244.07079pt x 212.34537pt.
 [28

 <c:/Users/Ankith A Das/Documents/Math2916/Latex/figures/PascalMod3.pdf>]
<figures/newCoordinate.png, id=4020, 640.64343pt x 241.65282pt>
File: figures/newCoordinate.png Graphic file (type png)
<use figures/newCoordinate.png>
Package pdftex.def Info: figures/newCoordinate.png  used on input line 683.
(pdftex.def)             Requested size: 249.84993pt x 94.24422pt.
 [29

 <c:/Users/Ankith A Das/Documents/Math2916/Latex/figures/newCoordinate.png>]
<figures/P(2).pdf, id=4028, 226.8475pt x 234.8775pt>
File: figures/P(2).pdf Graphic file (type pdf)
<use figures/P(2).pdf>
Package pdftex.def Info: figures/P(2).pdf  used on input line 700.
(pdftex.def)             Requested size: 113.42346pt x 117.43846pt.
 [30

 <c:/Users/Ankith A Das/Documents/Math2916/Latex/figures/P(2).pdf>] [31

]
<figures/mod6Initalmod2.pdf, id=4049, 397.485pt x 396.48125pt>
File: figures/mod6Initalmod2.pdf Graphic file (type pdf)
<use figures/mod6Initalmod2.pdf>
Package pdftex.def Info: figures/mod6Initalmod2.pdf  used on input line 730.
(pdftex.def)             Requested size: 151.08315pt x 150.70679pt.
<figures/Mod6InitalMod3.pdf, id=4051, 397.485pt x 396.48125pt>
File: figures/Mod6InitalMod3.pdf Graphic file (type pdf)
<use figures/Mod6InitalMod3.pdf>
Package pdftex.def Info: figures/Mod6InitalMod3.pdf  used on input line 730.
(pdftex.def)             Requested size: 151.08315pt x 150.70679pt.
 [32

 <c:/Users/Ankith A Das/Documents/Math2916/Latex/figures/mod6Initalmod2.pdf> <c:/Users/Ankith A Das/Documents/Math2916/Latex/figures/Mod6InitalMod3.pdf>]
<figures/Mod6.pdf, id=4064, 397.485pt x 396.48125pt>
File: figures/Mod6.pdf Graphic file (type pdf)
<use figures/Mod6.pdf>
Package pdftex.def Info: figures/Mod6.pdf  used on input line 741.
(pdftex.def)             Requested size: 159.4798pt x 159.07971pt.
<figures/mod2,3.jpg, id=4065, 1655.18375pt x 1651.16875pt>
File: figures/mod2,3.jpg Graphic file (type jpg)
<use figures/mod2,3.jpg>
Package pdftex.def Info: figures/mod2,3.jpg  used on input line 741.
(pdftex.def)             Requested size: 159.4798pt x 159.0798pt.
 [33

 <c:/Users/Ankith A Das/Documents/Math2916/Latex/figures/Mod6.pdf> <c:/Users/Ankith A Das/Documents/Math2916/Latex/figures/Mod2,3.jpg>] [34

] [35

] [36

] [37

] [38

] [39

] [40

]
<figures/P(5)cp.pdf, id=4110, 397.485pt x 396.48125pt>
File: figures/P(5)cp.pdf Graphic file (type pdf)
<use figures/P(5)cp.pdf>
Package pdftex.def Info: figures/P(5)cp.pdf  used on input line 894.
(pdftex.def)             Requested size: 159.4798pt x 159.07971pt.
<figures/P(5)Bi.pdf, id=4111, 397.485pt x 396.48125pt>
File: figures/P(5)Bi.pdf Graphic file (type pdf)
<use figures/P(5)Bi.pdf>
Package pdftex.def Info: figures/P(5)Bi.pdf  used on input line 894.
(pdftex.def)             Requested size: 159.4798pt x 159.07971pt.
 [41

 <c:/Users/Ankith A Das/Documents/Math2916/Latex/figures/P(5)cp.pdf> <c:/Users/Ankith A Das/Documents/Math2916/Latex/figures/P(5)Bi.pdf

pdfTeX warning: pdflatex.exe (file c:/Users/Ankith A Das/Documents/Math2916/Latex/figures/P(5)Bi.pdf): PDF inclusion: multiple pdfs with page group included in a single page
>] [42

] [43

] [44

]
<figures/w_00.pdf, id=4136, 1037.14172pt x 434.28642pt>
File: figures/w_00.pdf Graphic file (type pdf)
<use figures/w_00.pdf>
Package pdftex.def Info: figures/w_00.pdf  used on input line 949.
(pdftex.def)             Requested size: 207.42467pt x 86.85574pt.
<figures/w_01.pdf, id=4137, 1037.51898pt x 435.04007pt>
File: figures/w_01.pdf Graphic file (type pdf)
<use figures/w_01.pdf>
Package pdftex.def Info: figures/w_01.pdf  used on input line 949.
(pdftex.def)             Requested size: 207.50012pt x 87.00647pt.
<figures/w_10.pdf, id=4138, 1037.51898pt x 435.04007pt>
File: figures/w_10.pdf Graphic file (type pdf)
<use figures/w_10.pdf>
Package pdftex.def Info: figures/w_10.pdf  used on input line 949.
(pdftex.def)             Requested size: 207.50012pt x 87.00647pt.

Overfull \vbox (6.72206pt too high) detected at line 949
 []

[45

 <c:/Users/Ankith A Das/Documents/Math2916/Latex/figures/w_00.pdf> <c:/Users/Ankith A Das/Documents/Math2916/Latex/figures/w_01.pdf

pdfTeX warning: pdflatex.exe (file c:/Users/Ankith A Das/Documents/Math2916/Latex/figures/w_01.pdf): PDF inclusion: multiple pdfs with page group included in a single page
> <c:/Users/Ankith A Das/Documents/Math2916/Latex/figures/w_10.pdf

pdfTeX warning: pdflatex.exe (file c:/Users/Ankith A Das/Documents/Math2916/Latex/figures/w_10.pdf): PDF inclusion: multiple pdfs with page group included in a single page
>]
<figures/0.pdf, id=4167, 433.62pt x 432.61626pt>
File: figures/0.pdf Graphic file (type pdf)
<use figures/0.pdf>
Package pdftex.def Info: figures/0.pdf  used on input line 957.
(pdftex.def)             Requested size: 216.80946pt x 216.3076pt.
 [46

 <c:/Users/Ankith A Das/Documents/Math2916/Latex/figures/0.pdf>]
<figures/1.pdf, id=4175, 433.62pt x 432.61629pt>
File: figures/1.pdf Graphic file (type pdf)
<use figures/1.pdf>
Package pdftex.def Info: figures/1.pdf  used on input line 965.
(pdftex.def)             Requested size: 216.80946pt x 216.30762pt.
 [47

 <c:/Users/Ankith A Das/Documents/Math2916/Latex/figures/1.pdf>]
<figures/2.pdf, id=4189, 433.62pt x 432.61629pt>
File: figures/2.pdf Graphic file (type pdf)
<use figures/2.pdf>
Package pdftex.def Info: figures/2.pdf  used on input line 973.
(pdftex.def)             Requested size: 216.80946pt x 216.30762pt.
 [48

 <c:/Users/Ankith A Das/Documents/Math2916/Latex/figures/2.pdf>]
<figures/3.pdf, id=4203, 433.62pt x 432.61626pt>
File: figures/3.pdf Graphic file (type pdf)
<use figures/3.pdf>
Package pdftex.def Info: figures/3.pdf  used on input line 981.
(pdftex.def)             Requested size: 216.80946pt x 216.3076pt.
 [49

 <c:/Users/Ankith A Das/Documents/Math2916/Latex/figures/3.pdf>]
<figures/5.pdf, id=4212, 433.62pt x 432.61626pt>
File: figures/5.pdf Graphic file (type pdf)
<use figures/5.pdf>
Package pdftex.def Info: figures/5.pdf  used on input line 989.
(pdftex.def)             Requested size: 216.80946pt x 216.3076pt.
 [50

 <c:/Users/Ankith A Das/Documents/Math2916/Latex/figures/5.pdf>]
File: figures/GlobalMod2.pdf Graphic file (type pdf)
<use figures/GlobalMod2.pdf>
Package pdftex.def Info: figures/GlobalMod2.pdf  used on input line 997.
(pdftex.def)             Requested size: 216.80946pt x 216.3076pt.
 [51

] [52

]
<figures/PascalSq.pdf, id=4231, 207.77625pt x 203.76125pt>
File: figures/PascalSq.pdf Graphic file (type pdf)
<use figures/PascalSq.pdf>
Package pdftex.def Info: figures/PascalSq.pdf  used on input line 1029.
(pdftex.def)             Requested size: 114.27728pt x 112.06902pt.
 [53

 <c:/Users/Ankith A Das/Documents/Math2916/Latex/figures/PascalSq.pdf>]
Overfull \hbox (0.25346pt too wide) detected at line 1052
[]
 []

[54

] [55

] [56

] [57

]
<figures/IFSp3.pdf, id=4266, 380.65512pt x 380.65108pt>
File: figures/IFSp3.pdf Graphic file (type pdf)
<use figures/IFSp3.pdf>
Package pdftex.def Info: figures/IFSp3.pdf  used on input line 1171.
(pdftex.def)             Requested size: 95.16354pt x 95.16254pt.
 [58

 <c:/Users/Ankith A Das/Documents/Math2916/Latex/figures/IFSp3.pdf>]
<figures/GlobalMod3.pdf, id=4280, 433.62pt x 432.61626pt>
File: figures/GlobalMod3.pdf Graphic file (type pdf)
<use figures/GlobalMod3.pdf>
Package pdftex.def Info: figures/GlobalMod3.pdf  used on input line 1188.
(pdftex.def)             Requested size: 216.80946pt x 216.3076pt.
 [59

 <c:/Users/Ankith A Das/Documents/Math2916/Latex/figures/GlobalMod3.pdf>]
<figures/GlobalMod5.pdf, id=4288, 433.62pt x 432.61626pt>
File: figures/GlobalMod5.pdf Graphic file (type pdf)
<use figures/GlobalMod5.pdf>
Package pdftex.def Info: figures/GlobalMod5.pdf  used on input line 1196.
(pdftex.def)             Requested size: 216.80946pt x 216.3076pt.
 [60

 <c:/Users/Ankith A Das/Documents/Math2916/Latex/figures/GlobalMod5.pdf>]
<figures/GlobalMod7.pdf, id=4296, 433.62pt x 432.61626pt>
File: figures/GlobalMod7.pdf Graphic file (type pdf)
<use figures/GlobalMod7.pdf>
Package pdftex.def Info: figures/GlobalMod7.pdf  used on input line 1204.
(pdftex.def)             Requested size: 216.80946pt x 216.3076pt.
 [61

 <c:/Users/Ankith A Das/Documents/Math2916/Latex/figures/GlobalMod7.pdf>] [62

] [63

] [64

]
Overfull \hbox (12.58394pt too wide) in paragraph at lines 1252--1252
\OT1/cmtt/m/n/10.95 how-[]can-[]i-[]draw-[]pascals-[]triangle-[]with-[]some-[]its-[]properties$[]  
 []

[65

]
\tf@nav=\write7
\openout7 = `doc.nav'.

\tf@toc=\write8
\openout8 = `doc.toc'.

\tf@snm=\write9
\openout9 = `doc.snm'.

Package atveryend Info: Empty hook `BeforeClearDocument' on input line 1254.
Package atveryend Info: Empty hook `AfterLastShipout' on input line 1254.
 (c:/Users/Ankith A Das/Documents/Math2916/Latex/doc.aux)
Package atveryend Info: Executing hook `AtVeryEndDocument' on input line 1254.
Package atveryend Info: Executing hook `AtEndAfterFileList' on input line 1254.
Package rerunfilecheck Info: File `doc.out' has not changed.
(rerunfilecheck)             Checksum: 8F62E47E21A98CAFAF147E8D3287AFF5;647.
 ) 
Here is how much of TeX's memory you used:
 28209 strings out of 492649
 549690 string characters out of 6133385
 611599 words of memory out of 5000000
 31420 multiletter control sequences out of 15000+600000
 543893 words of font info for 71 fonts, out of 8000000 for 9000
 1141 hyphenation exceptions out of 8191
 56i,13n,63p,10456b,722s stack positions out of 5000i,500n,10000p,200000b,80000s
<c:/texlive/2018/texmf-dist/fonts/type1/public/amsfonts/cm/cmbx7.pfb><c:/texlive/2018/texmf-dist/fonts/type1/public/amsfonts/cm/cmex10.pfb><c:/texlive/2018/texmf-dist/fonts/type1/public/amsfonts/cm/cmmi10.pfb><c:/texlive/2018/texmf-dist/fonts/type1/public/amsfonts/cm/cmmi8.pfb><c:/texlive/2018/texmf-dist/fonts/type1/public/amsfonts/cm/cmss10.pfb><c:/texlive/2018/texmf-dist/fonts/type1/public/amsfonts/cm/cmss12.pfb><c:/texlive/2018/texmf-dist/fonts/type1/public/amsfonts/cm/cmss17.pfb><c:/texlive/2018/texmf-dist/fonts/type1/public/amsfonts/cm/cmss8.pfb><c:/texlive/2018/texmf-dist/fonts/type1/public/amsfonts/cm/cmss9.pfb><c:/texlive/2018/texmf-dist/fonts/type1/public/amsfonts/cm/cmssbx10.pfb><c:/texlive/2018/texmf-dist/fonts/type1/public/amsfonts/cm/cmssi10.pfb><c:/texlive/2018/texmf-dist/fonts/type1/public/amsfonts/cm/cmssi8.pfb><c:/texlive/2018/texmf-dist/fonts/type1/public/amsfonts/cm/cmsy10.pfb><c:/texlive/2018/texmf-dist/fonts/type1/public/amsfonts/cm/cmsy7.pfb><c:/texlive/2018/texmf-dist/fonts/type1/public/amsfonts/cm/cmsy8.pfb><c:/texlive/2018/texmf-dist/fonts/type1/public/amsfonts/cm/cmtt10.pfb><c:/texlive/2018/texmf-dist/fonts/type1/public/amsfonts/symbols/msam10.pfb>
Output written on "c:/Users/Ankith A Das/Documents/Math2916/Latex/doc.pdf" (65 pages, 17979393 bytes).
PDF statistics:
 4419 PDF objects out of 5155 (max. 8388607)
 2937 compressed objects within 30 object streams
 142 named destinations out of 1000 (max. 500000)
 1048 words of extra memory for PDF output out of 10000 (max. 10000000)

